This is pdfTeX, Version 3.14159265-2.6-1.40.21 (TeX Live 2020/W32TeX) (preloaded format=pdflatex 2020.12.5)  5 JAN 2021 23:29
entering extended mode
 restricted \write18 enabled.
 %&-line parsing enabled.
**\documentclass{article}

*\usepackage{geometry}
(c:/texlive/2020/texmf-dist/tex/latex/base/article.cls
Document Class: article 2020/04/10 v1.4m Standard LaTeX document class
(c:/texlive/2020/texmf-dist/tex/latex/base/size10.clo
File: size10.clo 2020/04/10 v1.4m Standard LaTeX file (size option)
)
\c@part=\count177
\c@section=\count178
\c@subsection=\count179
\c@subsubsection=\count180
\c@paragraph=\count181
\c@subparagraph=\count182
\c@figure=\count183
\c@table=\count184
\abovecaptionskip=\skip47
\belowcaptionskip=\skip48
\bibindent=\dimen138
)
*\geometry{a4paper,margin=2cm}
(c:/texlive/2020/texmf-dist/tex/latex/geometry/geometry.sty
Package: geometry 2020/01/02 v5.9 Page Geometry

(c:/texlive/2020/texmf-dist/tex/latex/graphics/keyval.sty
Package: keyval 2014/10/28 v1.15 key=value parser (DPC)
\KV@toks@=\toks15
)
(c:/texlive/2020/texmf-dist/tex/generic/iftex/ifvtex.sty
Package: ifvtex 2019/10/25 v1.7 ifvtex legacy package. Use iftex instead.

(c:/texlive/2020/texmf-dist/tex/generic/iftex/iftex.sty
Package: iftex 2020/03/06 v1.0d TeX engine tests
))
\Gm@cnth=\count185
\Gm@cntv=\count186
\c@Gm@tempcnt=\count187
\Gm@bindingoffset=\dimen139
\Gm@wd@mp=\dimen140
\Gm@odd@mp=\dimen141
\Gm@even@mp=\dimen142
\Gm@layoutwidth=\dimen143
\Gm@layoutheight=\dimen144
\Gm@layouthoffset=\dimen145
\Gm@layoutvoffset=\dimen146
\Gm@dimlist=\toks16
)
*
(Please type a command or say `\end')
*\usepackage{wrapfig}

*
(c:/texlive/2020/texmf-dist/tex/latex/wrapfig/wrapfig.sty
\wrapoverhang=\dimen147
\WF@size=\dimen148
\c@WF@wrappedlines=\count188
\WF@box=\box47
\WF@everypar=\toks17
Package: wrapfig 2003/01/31  v 3.6
)
(Please type a command or say `\end')
*\everymath{\displaystyle}

*\renewcommand{\epsilon}{\varepsilon}

*%\renewcommand{\epsilon}{\mathchar"122}

*
(Please type a command or say `\end')
*\usepackage{esvect}

*\usepackage{wrapfig}
(c:/texlive/2020/texmf-dist/tex/latex/esvect/esvect.sty
Package: esvect 
\symesvector=\mathgroup4
)
*% \usepackage{mathrsfs}

*
(Please type a command or say `\end')
*\usepackage{physics}

*
(c:/texlive/2020/texmf-dist/tex/latex/physics/physics.sty
Package: physics 

(c:/texlive/2020/texmf-dist/tex/latex/l3packages/xparse/xparse.sty
(c:/texlive/2020/texmf-dist/tex/latex/l3kernel/expl3.sty
Package: expl3 2020-12-03 L3 programming layer (loader) 

(c:/texlive/2020/texmf-dist/tex/latex/l3backend/l3backend-pdftex.def
File: l3backend-pdftex.def 2020-09-24 L3 backend support: PDF output (pdfTeX)
\l__kernel_color_stack_int=\count189
\l__pdf_internal_box=\box48
))
Package: xparse 2020-10-27 L3 Experimental document command parser

(c:/texlive/2020/texmf-dist/tex/latex/l3packages/xparse/xparse-generic.tex))
(c:/texlive/2020/texmf-dist/tex/latex/amsmath/amsmath.sty
Package: amsmath 2020/09/23 v2.17i AMS math features
\@mathmargin=\skip49

For additional information on amsmath, use the `?' option.
(c:/texlive/2020/texmf-dist/tex/latex/amsmath/amstext.sty
Package: amstext 2000/06/29 v2.01 AMS text

(c:/texlive/2020/texmf-dist/tex/latex/amsmath/amsgen.sty
File: amsgen.sty 1999/11/30 v2.0 generic functions
\@emptytoks=\toks18
\ex@=\dimen149
))
(c:/texlive/2020/texmf-dist/tex/latex/amsmath/amsbsy.sty
Package: amsbsy 1999/11/29 v1.2d Bold Symbols
\pmbraise@=\dimen150
)
(c:/texlive/2020/texmf-dist/tex/latex/amsmath/amsopn.sty
Package: amsopn 2016/03/08 v2.02 operator names
)
\inf@bad=\count190
LaTeX Info: Redefining \frac on input line 234.
\uproot@=\count191
\leftroot@=\count192
LaTeX Info: Redefining \overline on input line 399.
\classnum@=\count193
\DOTSCASE@=\count194
LaTeX Info: Redefining \ldots on input line 496.
LaTeX Info: Redefining \dots on input line 499.
LaTeX Info: Redefining \cdots on input line 620.
\Mathstrutbox@=\box49
\strutbox@=\box50
\big@size=\dimen151
LaTeX Font Info:    Redeclaring font encoding OML on input line 743.
LaTeX Font Info:    Redeclaring font encoding OMS on input line 744.
\macc@depth=\count195
\c@MaxMatrixCols=\count196
\dotsspace@=\muskip16
\c@parentequation=\count197
\dspbrk@lvl=\count198
\tag@help=\toks19
\row@=\count199
\column@=\count266
\maxfields@=\count267
\andhelp@=\toks20
\eqnshift@=\dimen152
\alignsep@=\dimen153
\tagshift@=\dimen154
\tagwidth@=\dimen155
\totwidth@=\dimen156
\lineht@=\dimen157
\@envbody=\toks21
\multlinegap=\skip50
\multlinetaggap=\skip51
\mathdisplay@stack=\toks22
LaTeX Info: Redefining \[ on input line 2923.
LaTeX Info: Redefining \] on input line 2924.
))
(Please type a command or say `\end')
*% (?<!\\Bigg)\)\_

*% <(.*?)>

*% \_\{(?=em)(.*?)\}

*% \\fbox{\$((.|\n)*?)\$}

*%Â : ?\\\\ ?\n\$((.(?!(\\mathcolorbox))|\n)*?)\$ ?\.? ?\n?\\\\

*
(Please type a command or say `\end')
*\usepackage{xcolor}

*% \usepackage{soul}

*\newcommand{\mathcolorbox}[2]{\fcolorbox{black}{#1}{$#2$}}
(c:/texlive/2020/texmf-dist/tex/latex/xcolor/xcolor.sty
Package: xcolor 2016/05/11 v2.12 LaTeX color extensions (UK)

(c:/texlive/2020/texmf-dist/tex/latex/graphics-cfg/color.cfg
File: color.cfg 2016/01/02 v1.6 sample color configuration
)
Package xcolor Info: Driver file: pdftex.def on input line 225.

(c:/texlive/2020/texmf-dist/tex/latex/graphics-def/pdftex.def
File: pdftex.def 2020/10/05 v1.2a Graphics/color driver for pdftex
)
Package xcolor Info: Model `cmy' substituted by `cmy0' on input line 1348.
Package xcolor Info: Model `hsb' substituted by `rgb' on input line 1352.
Package xcolor Info: Model `RGB' extended on input line 1364.
Package xcolor Info: Model `HTML' substituted by `rgb' on input line 1366.
Package xcolor Info: Model `Hsb' substituted by `hsb' on input line 1367.
Package xcolor Info: Model `tHsb' substituted by `hsb' on input line 1368.
Package xcolor Info: Model `HSB' substituted by `hsb' on input line 1369.
Package xcolor Info: Model `Gray' substituted by `gray' on input line 1370.
Package xcolor Info: Model `wave' substituted by `hsb' on input line 1371.
)
*
(Please type a command or say `\end')
*% \DeclareSymbolFont{legacyletters}{OML}{cmm}{m}{it}

*% \let\j\relax

*% \DeclareMathSymbol{\j}{\mathord}{legacyletters}{"7C}

*\renewcommand\j{\jmath}

*
(Please type a command or say `\end')
*\newcommand{\oneast}{\bigskip\par{\large\centerline{*\medskip}}\par}

*
(Please type a command or say `\end')
*
(Please type a command or say `\end')
*\usepackage[T1]{fontenc}

*%% \usepackage[french]{babel}

*\usepackage{epsfig}
(c:/texlive/2020/texmf-dist/tex/latex/base/fontenc.sty
Package: fontenc 2020/08/10 v2.0s Standard LaTeX package
)
*\usepackage{graphicx}
(c:/texlive/2020/texmf-dist/tex/latex/graphics/epsfig.sty
Package: epsfig 2017/06/25 v1.7b (e)psfig emulation (SPQR)

(c:/texlive/2020/texmf-dist/tex/latex/graphics/graphicx.sty
Package: graphicx 2020/09/09 v1.2b Enhanced LaTeX Graphics (DPC,SPQR)

(c:/texlive/2020/texmf-dist/tex/latex/graphics/graphics.sty
Package: graphics 2020/08/30 v1.4c Standard LaTeX Graphics (DPC,SPQR)

(c:/texlive/2020/texmf-dist/tex/latex/graphics/trig.sty
Package: trig 2016/01/03 v1.10 sin cos tan (DPC)
)
(c:/texlive/2020/texmf-dist/tex/latex/graphics-cfg/graphics.cfg
File: graphics.cfg 2016/06/04 v1.11 sample graphics configuration
)
Package graphics Info: Driver file: pdftex.def on input line 105.
)
\Gin@req@height=\dimen158
\Gin@req@width=\dimen159
)
\epsfxsize=\dimen160
\epsfysize=\dimen161
)
*\usepackage{amsmath}

*%\setlength{\mathindent}{0cm}

*\usepackage{amsfonts}

*\usepackage{amssymb}
(c:/texlive/2020/texmf-dist/tex/latex/amsfonts/amsfonts.sty
Package: amsfonts 2013/01/14 v3.01 Basic AMSFonts support
\symAMSa=\mathgroup5
\symAMSb=\mathgroup6
LaTeX Font Info:    Redeclaring math symbol \hbar on input line 98.
LaTeX Font Info:    Overwriting math alphabet `\mathfrak' in version `bold'
(Font)                  U/euf/m/n --> U/euf/b/n on input line 106.
)
*\usepackage{float}
(c:/texlive/2020/texmf-dist/tex/latex/amsfonts/amssymb.sty
Package: amssymb 2013/01/14 v3.01 AMS font symbols
)
*\usepackage{esint}
(c:/texlive/2020/texmf-dist/tex/latex/float/float.sty
Package: float 2001/11/08 v1.3d Float enhancements (AL)
\c@float@type=\count268
\float@exts=\toks23
\float@box=\box51
\@float@everytoks=\toks24
\@floatcapt=\box52
)
*\usepackage{enumitem}
(c:/texlive/2020/texmf-dist/tex/latex/esint/esint.sty
Package: esint 
\symlargesymbolsA=\mathgroup7
)
*\usepackage{frcursive}
(c:/texlive/2020/texmf-dist/tex/latex/enumitem/enumitem.sty
Package: enumitem 2019/06/20 v3.9 Customized lists
\labelindent=\skip52
\enit@outerparindent=\dimen162
\enit@toks=\toks25
\enit@inbox=\box53
\enit@count@id=\count269
\enitdp@description=\count270
)
*%\usepackage{fourier}

*%% \usepackage{amsrefs}

*\reversemarginpar
(c:/texlive/2020/texmf-dist/tex/latex/frcursive/frcursive.sty
Package: frcursive 2004/02/01 v1.2 support package for French Cursive
\seyesThickness=\skip53
\seyes@box=\box54
\seyes@ln=\skip54
)
*\newcommand{\asterism}{%

*\leavevmode\marginpar{\makebox[10em][c]{$10^{500}$\makebox[1em][c]{%

*\makebox[0pt][c]{\raisebox{-0.3ex}{\smash{$\star\star$}}}%

*\makebox[0pt][c]{\raisebox{0.8ex}{\smash{$\star$}}}%

*}}}}

*
(Please type a command or say `\end')
*\setlength\parindent{0pt}

*
(Please type a command or say `\end')
*\let\oldiint\iint

*\renewcommand{\iint}{\oldiint\limits}

*
(Please type a command or say `\end')
*\let\oldiiint\iiint

*\renewcommand{\iiint}{\oldiiint\limits}

*
(Please type a command or say `\end')
*\let\oldoint\oint

*\renewcommand{\oint}{\oldoint\limits}

*
(Please type a command or say `\end')
*\let\oldoiint\oiint

*\renewcommand{\oiint}{\oldoiint\limits}

*
(Please type a command or say `\end')
*
(Please type a command or say `\end')
*\renewcommand\overrightarrow{\vv}

*\let\oldexp\exp

*\renewcommand{\exp}[1]{\oldexp\left(#1\right)}

*
(Please type a command or say `\end')
*\newcommand{\ext}{\text{ext}}

*\newcommand{\cste}{\text{cste}}

*
(Please type a command or say `\end')
*%\renewcommand{\div}{\mathrm{div}}

*\let\div\relax

*\DeclareMathOperator{\div}{\mathrm{div}}

*\let\rot\relax

*\DeclareMathOperator{\rot}{\overrightarrow{\mathrm{rot}}}

*\let\grad\relax

*\DeclareMathOperator{\grad}{\overrightarrow{\mathrm{grad}}}

*
(Please type a command or say `\end')
*\title{\huge{\textbf{Modèle scalaire de la lumière (O1)}}}

*\author{par Guillaume Saget, professeur de Sciences Physiques en MP, Lycée Ch
ampollion}

*\date{}

*
(Please type a command or say `\end')
*\begin{document}
No file texput.aux.
\openout1 = `texput.aux'.

LaTeX Font Info:    Checking defaults for OML/cmm/m/it on input line 0.
LaTeX Font Info:    ... okay on input line 0.
LaTeX Font Info:    Checking defaults for OMS/cmsy/m/n on input line 0.
LaTeX Font Info:    ... okay on input line 0.
LaTeX Font Info:    Checking defaults for OT1/cmr/m/n on input line 0.
LaTeX Font Info:    ... okay on input line 0.
LaTeX Font Info:    Checking defaults for T1/cmr/m/n on input line 0.
LaTeX Font Info:    ... okay on input line 0.
LaTeX Font Info:    Checking defaults for TS1/cmr/m/n on input line 0.
LaTeX Font Info:    ... okay on input line 0.
LaTeX Font Info:    Checking defaults for OMX/cmex/m/n on input line 0.
LaTeX Font Info:    ... okay on input line 0.
LaTeX Font Info:    Checking defaults for U/cmr/m/n on input line 0.
LaTeX Font Info:    ... okay on input line 0.
*geometry* driver: auto-detecting
*geometry* detected driver: pdftex
*geometry* verbose mode - [ preamble ] result:
* driver: pdftex
* paper: a4paper
* layout: <same size as paper>
* layoutoffset:(h,v)=(0.0pt,0.0pt)
* modes: 
* h-part:(L,W,R)=(56.9055pt, 483.69687pt, 56.9055pt)
* v-part:(T,H,B)=(56.9055pt, 731.23584pt, 56.9055pt)
* \paperwidth=597.50787pt
* \paperheight=845.04684pt
* \textwidth=483.69687pt
* \textheight=731.23584pt
* \oddsidemargin=-15.36449pt
* \evensidemargin=-15.36449pt
* \topmargin=-52.36449pt
* \headheight=12.0pt
* \headsep=25.0pt
* \topskip=10.0pt
* \footskip=30.0pt
* \marginparwidth=65.0pt
* \marginparsep=11.0pt
* \columnsep=10.0pt
* \skip\footins=9.0pt plus 4.0pt minus 2.0pt
* \hoffset=0.0pt
* \voffset=0.0pt
* \mag=1000
* \@twocolumnfalse
* \@twosidefalse
* \@mparswitchfalse
* \@reversemargintrue
* (1in=72.27pt=25.4mm, 1cm=28.453pt)

(c:/texlive/2020/texmf-dist/tex/context/base/mkii/supp-pdf.mkii
[Loading MPS to PDF converter (version 2006.09.02).]
\scratchcounter=\count271
\scratchdimen=\dimen163
\scratchbox=\box55
\nofMPsegments=\count272
\nofMParguments=\count273
\everyMPshowfont=\toks26
\MPscratchCnt=\count274
\MPscratchDim=\dimen164
\MPnumerator=\count275
\makeMPintoPDFobject=\count276
\everyMPtoPDFconversion=\toks27
) (c:/texlive/2020/texmf-dist/tex/latex/epstopdf-pkg/epstopdf-base.sty
Package: epstopdf-base 2020-01-24 v2.11 Base part for package epstopdf
Package epstopdf-base Info: Redefining graphics rule for `.eps' on input line 4
85.

(c:/texlive/2020/texmf-dist/tex/latex/latexconfig/epstopdf-sys.cfg
File: epstopdf-sys.cfg 2010/07/13 v1.3 Configuration of (r)epstopdf for TeX Liv
e
))
*\maketitle
LaTeX Font Info:    Trying to load font information for U+esvect on input line 
0.
(c:/texlive/2020/texmf-dist/tex/latex/esvect/uesvect.fd
File: uesvect.fd 
)
LaTeX Font Info:    Trying to load font information for U+msa on input line 0.

(c:/texlive/2020/texmf-dist/tex/latex/amsfonts/umsa.fd
File: umsa.fd 2013/01/14 v3.01 AMS symbols A
)
LaTeX Font Info:    Trying to load font information for U+msb on input line 0.

(c:/texlive/2020/texmf-dist/tex/latex/amsfonts/umsb.fd
File: umsb.fd 2013/01/14 v3.01 AMS symbols B
)
LaTeX Font Info:    Trying to load font information for U+esint on input line 0
.

(c:/texlive/2020/texmf-dist/tex/latex/esint/uesint.fd
File: uesint.fd 
)
*
(Please type a command or say `\end')
*
(Please type a command or say `\end')
*\begin{abstract}

*Je propose ici le cours O1 qui vient apporter les réponses au

*support de cours éponyme.

*\end{abstract}

*
(Please type a command or say `\end')
*
(Please type a command or say `\end')
*\section*{III. Le modèle du train d'onde(s) non amorti}

*\subsection*{3) Définitions}

*\subsection*{d) Relation entre largeur spectrale $\Delta \lambda_{0}$ et longu
eur de cohérence $\ell_{c}$}

*Dans le vide, $\nu = \frac{c}{\lambda_{0}}$ ; on

*différentie

*cette relation : $\mathrm{d}\nu = -c\frac{\mathrm{d}\lambda_{0}}{\lambda_{0}^
{2}}$. \\

*On passe enfin en variations finies : $\mathrm{d}\nu \rightarrow \Delta \nu$

*; $-c\frac{\mathrm{d}\lambda_{0}}{\lambda_{0}^{2}} \rightarrow c\frac{\Delta

*\lambda_{0}}{\lambda_{0}^{2}}$. \\

*Il s'ensuit que : $\Delta \nu = c\frac{\Delta

*\lambda_{0}}{\lambda_{0}^{2}}$. \\

*On exploite enfin la relation caractéristique des paquets

*d'onde(s) : $\Delta t \Delta \nu \approx 1$. \\

*On en déduit immédiatement que : \mathcolorbox{gray!20}{\Delta t \approx

*\frac{\lambda_{0}^{2}}{c\Delta \lambda_{0}}} et la longueur de

*cohérence par : \mathcolorbox{gray!20}{\ell_{c} = c\Delta t =

*\frac{\lambda_{0}^{2}}{\Delta \lambda_{0}}}. \\

*\underline{Ordre de grandeur de $\Delta \lambda_{0}$ pour une source

*spectrale} ($\Delta t \approx 10^{-11}$ s) : pour $\lambda_{0} \sim

*6\times 10^{-7}$ m, $\Delta \lambda_{0} \sim \frac{(6\times

*10^{-7})^{2}}{3\times 10^{8}\times 10^{-11}} \sim \frac{4\times

*10^{-13}}{3\times 10^{-3}} \sim 10^{-10}$ m.

*

Overfull \hbox (32.09396pt too wide) detected at line 0
[]$ \T1/cmr/m/n/10 ($\OT1/cmr/m/n/10 ^^A\OML/cmm/m/it/10 t \OMS/cmsy/m/n/10 ^^Y
 \OT1/cmr/m/n/10 10[]$ \T1/cmr/m/n/10 s) : pour $\OML/cmm/m/it/10 ^^U[] \OMS/cm
sy/m/n/10 ^^X \OT1/cmr/m/n/10 6 \OMS/cmsy/m/n/10 ^^B \OT1/cmr/m/n/10 10[]$ \T1/
cmr/m/n/10 m, $\OT1/cmr/m/n/10 ^^A\OML/cmm/m/it/10 ^^U[] \OMS/cmsy/m/n/10 ^^X [
] ^^X
 []

(Please type a command or say `\end')
*\section*{IV. Notion de rayon lumineux}

*\subsection*{3) Rayon lumineux}

*Un rayon lumineux $(\Gamma)$ issu de la source ponctuelle $S$ et

*atteignant le point $M$ est représenté sur la figure \ref{Fig.2}.

LaTeX Warning: Reference `Fig.2' on page 1 undefined on input line 0.


*
(Please type a command or say `\end')
*
(Please type a command or say `\end')
*\begin{wrapfigure}{r}{0.25\textwidth}

*\epsfig{file=Fig2.PNG,height=1.7cm, width=6.5cm}

LaTeX Warning: File `Fig2.PNG' not found on input line 0.


! Package pdftex.def Error: File `Fig2.PNG' not found: using draft setting.

See the pdftex.def package documentation for explanation.
Type  H <return>  for immediate help.
 ...                                              
                                                  
<*> ...ig{file=Fig2.PNG,height=1.7cm, width=6.5cm}
                                                   
Here is how much of TeX's memory you used:
 4814 strings out of 480831
 61436 string characters out of 5905965
 347684 words of memory out of 5000000
 21634 multiletter control sequences out of 15000+600000
 419167 words of font info for 76 fonts, out of 8000000 for 9000
 319 hyphenation exceptions out of 8191
 79i,6n,86p,301b,221s stack positions out of 5000i,500n,10000p,200000b,80000s

!  ==> Fatal error occurred, no output PDF file produced!
